TN:
SF:server.js
FNF:0
FNH:0
DA:1,1
DA:2,1
DA:3,1
DA:4,1
DA:5,1
DA:6,1
DA:7,1
DA:8,1
DA:9,1
DA:10,1
DA:11,1
DA:12,1
DA:13,1
DA:14,1
DA:15,1
DA:16,1
DA:17,1
DA:18,1
DA:19,1
DA:20,1
DA:21,1
DA:22,1
DA:23,1
DA:24,1
DA:25,1
DA:26,1
DA:27,1
DA:28,0
DA:29,0
DA:30,1
DA:31,1
DA:32,1
DA:33,1
LF:33
LH:31
BRDA:31,0,0,1
BRF:1
BRH:1
end_of_record
TN:
SF:config\cloudinary.js
FN:2,_regeneratorRuntime
FN:3,_callee
FN:3,_callee$
FNF:3
FNH:3
FNDA:1,_regeneratorRuntime
FNDA:1,_callee
FNDA:1,_callee$
DA:1,1
DA:2,1
DA:3,1
DA:4,1
DA:5,1
DA:6,1
DA:7,1
DA:8,1
DA:9,1
DA:10,1
DA:11,1
DA:12,1
DA:13,1
LF:13
LH:13
BRDA:2,0,0,1
BRDA:3,1,0,1
BRDA:3,2,0,1
BRDA:3,3,0,1
BRF:4
BRH:4
end_of_record
TN:
SF:config\mongodb.js
FN:2,_regeneratorRuntime
FN:3,_callee
FN:3,_callee$
FNF:3
FNH:3
FNDA:1,_regeneratorRuntime
FNDA:1,_callee
FNDA:1,_callee$
DA:1,1
DA:2,1
DA:3,1
DA:4,1
DA:5,1
DA:6,0
DA:7,1
DA:8,1
DA:9,1
DA:10,1
DA:11,1
DA:12,1
DA:13,1
LF:13
LH:12
BRDA:2,0,0,1
BRDA:3,1,0,1
BRDA:3,2,0,1
BRDA:3,3,0,1
BRF:4
BRH:4
end_of_record
TN:
SF:controllers\cartController.js
FN:2,_regeneratorRuntime
FN:3,_callee
FN:31,_callee2
FN:50,_callee3
FNF:4
FNH:1
FNDA:1,_regeneratorRuntime
FNDA:0,_callee
FNDA:0,_callee2
FNDA:0,_callee3
DA:1,1
DA:2,1
DA:3,1
DA:4,0
DA:5,0
DA:6,0
DA:7,0
DA:8,0
DA:9,0
DA:10,0
DA:11,0
DA:12,0
DA:13,0
DA:14,0
DA:15,0
DA:16,0
DA:17,0
DA:18,0
DA:19,0
DA:20,0
DA:21,0
DA:22,0
DA:23,0
DA:24,0
DA:25,0
DA:26,0
DA:27,0
DA:28,1
DA:29,1
DA:30,1
DA:31,1
DA:32,0
DA:33,0
DA:34,0
DA:35,0
DA:36,0
DA:37,0
DA:38,0
DA:39,0
DA:40,0
DA:41,0
DA:42,0
DA:43,0
DA:44,0
DA:45,0
DA:46,0
DA:47,1
DA:48,1
DA:49,1
DA:50,1
DA:51,0
DA:52,0
DA:53,0
DA:54,0
DA:55,0
DA:56,0
DA:57,0
DA:58,0
DA:59,0
DA:60,0
DA:61,0
DA:62,0
DA:63,1
DA:64,1
DA:65,1
DA:66,1
LF:66
LH:15
BRDA:2,0,0,1
BRDA:3,1,0,1
BRDA:31,2,0,1
BRDA:50,3,0,1
BRF:4
BRH:4
end_of_record
TN:
SF:controllers\orderController.js
FN:2,asyncGeneratorStep
FN:2,_asyncToGenerator
FN:10,_callee
FN:40,_callee2
FN:98,_callee3
FN:120,_callee4
FN:134,_callee5
FN:148,_callee6
FNF:8
FNH:1
FNDA:0,asyncGeneratorStep
FNDA:6,_asyncToGenerator
FNDA:0,_callee
FNDA:0,_callee2
FNDA:0,_callee3
FNDA:0,_callee4
FNDA:0,_callee5
FNDA:0,_callee6
DA:1,1
DA:2,0
DA:3,1
DA:4,1
DA:5,1
DA:6,1
DA:7,1
DA:8,1
DA:9,1
DA:10,1
DA:11,0
DA:12,0
DA:13,0
DA:14,0
DA:15,0
DA:16,0
DA:17,0
DA:18,0
DA:19,0
DA:20,0
DA:21,0
DA:22,0
DA:23,0
DA:24,0
DA:25,0
DA:26,0
DA:27,0
DA:28,0
DA:29,0
DA:30,0
DA:31,0
DA:32,0
DA:33,0
DA:34,0
DA:35,0
DA:36,1
DA:37,1
DA:38,1
DA:39,1
DA:40,1
DA:41,0
DA:42,0
DA:43,0
DA:44,0
DA:45,0
DA:46,0
DA:47,0
DA:48,0
DA:49,0
DA:50,0
DA:51,0
DA:52,0
DA:53,0
DA:54,0
DA:55,0
DA:56,0
DA:57,0
DA:58,0
DA:59,0
DA:60,0
DA:61,0
DA:62,0
DA:63,0
DA:64,0
DA:65,0
DA:66,0
DA:67,0
DA:68,0
DA:69,0
DA:70,0
DA:71,0
DA:72,0
DA:73,0
DA:74,0
DA:75,0
DA:76,0
DA:77,0
DA:78,0
DA:79,0
DA:80,0
DA:81,0
DA:82,0
DA:83,0
DA:84,0
DA:85,0
DA:86,0
DA:87,0
DA:88,0
DA:89,0
DA:90,0
DA:91,0
DA:92,0
DA:93,0
DA:94,1
DA:95,1
DA:96,1
DA:97,1
DA:98,1
DA:99,0
DA:100,0
DA:101,0
DA:102,0
DA:103,0
DA:104,0
DA:105,0
DA:106,0
DA:107,0
DA:108,0
DA:109,0
DA:110,0
DA:111,0
DA:112,0
DA:113,0
DA:114,0
DA:115,0
DA:116,1
DA:117,1
DA:118,1
DA:119,1
DA:120,1
DA:121,0
DA:122,0
DA:123,0
DA:124,0
DA:125,0
DA:126,0
DA:127,0
DA:128,0
DA:129,0
DA:130,1
DA:131,1
DA:132,1
DA:133,1
DA:134,1
DA:135,0
DA:136,0
DA:137,0
DA:138,0
DA:139,0
DA:140,0
DA:141,0
DA:142,0
DA:143,0
DA:144,0
DA:145,1
DA:146,1
DA:147,1
DA:148,1
DA:149,0
DA:150,0
DA:151,0
DA:152,0
DA:153,0
DA:154,1
DA:155,1
DA:156,1
DA:157,1
DA:158,1
DA:159,1
DA:160,1
LF:160
LH:40
BRDA:2,0,0,6
BRDA:10,1,0,1
BRDA:40,2,0,1
BRDA:98,3,0,1
BRDA:120,4,0,1
BRDA:134,5,0,1
BRDA:148,6,0,1
BRF:7
BRH:7
end_of_record
TN:
SF:controllers\productController.js
FN:2,_regeneratorRuntime
FN:2,o
FN:2,define
FN:2,define
FN:2,wrap
FN:2,tryCatch
FN:2,Generator
FN:2,GeneratorFunction
FN:2,GeneratorFunctionPrototype
FN:2,defineIteratorMethods
FN:2,AsyncIterator
FN:2,makeInvokeMethod
FN:2,maybeInvokeDelegate
FN:2,pushTryEntry
FN:2,resetTryEntry
FN:2,Context
FN:2,values
FN:2,next
FN:2,e.isGeneratorFunction
FN:2,e.mark
FN:2,e.awrap
FN:2,e.async
FN:2,e.keys
FN:2,reset
FN:2,stop
FN:2,dispatchException
FN:2,abrupt
FN:2,complete
FN:2,finish
FN:2,_catch
FN:2,delegateYield
FN:2,asyncGeneratorStep
FN:2,_asyncToGenerator
FN:4,_callee2
FN:50,_callee4
FN:98,_callee5
FN:110,_callee6
FN:122,_callee7
FNF:38
FNH:6
FNDA:4,_regeneratorRuntime
FNDA:0,o
FNDA:13,define
FNDA:0,define
FNDA:0,wrap
FNDA:0,tryCatch
FNDA:0,Generator
FNDA:0,GeneratorFunction
FNDA:0,GeneratorFunctionPrototype
FNDA:2,defineIteratorMethods
FNDA:0,AsyncIterator
FNDA:0,makeInvokeMethod
FNDA:0,maybeInvokeDelegate
FNDA:0,pushTryEntry
FNDA:0,resetTryEntry
FNDA:0,Context
FNDA:1,values
FNDA:0,next
FNDA:0,e.isGeneratorFunction
FNDA:5,e.mark
FNDA:0,e.awrap
FNDA:0,e.async
FNDA:0,e.keys
FNDA:0,reset
FNDA:0,stop
FNDA:0,dispatchException
FNDA:0,abrupt
FNDA:0,complete
FNDA:0,finish
FNDA:0,_catch
FNDA:0,delegateYield
FNDA:0,asyncGeneratorStep
FNDA:5,_asyncToGenerator
FNDA:0,_callee2
FNDA:0,_callee4
FNDA:0,_callee5
FNDA:0,_callee6
FNDA:0,_callee7
DA:1,1
DA:2,0
DA:3,1
DA:4,1
DA:5,0
DA:6,0
DA:7,0
DA:8,0
DA:9,0
DA:10,0
DA:11,0
DA:12,0
DA:13,0
DA:14,0
DA:15,0
DA:16,0
DA:17,0
DA:18,0
DA:19,0
DA:20,0
DA:21,0
DA:22,0
DA:23,0
DA:24,0
DA:25,0
DA:26,0
DA:27,0
DA:28,0
DA:29,0
DA:30,0
DA:31,0
DA:32,0
DA:33,0
DA:34,0
DA:35,0
DA:36,0
DA:37,0
DA:38,0
DA:39,0
DA:40,0
DA:41,0
DA:42,0
DA:43,0
DA:44,0
DA:45,0
DA:46,0
DA:47,1
DA:48,1
DA:49,1
DA:50,1
DA:51,0
DA:52,0
DA:53,0
DA:54,0
DA:55,0
DA:56,0
DA:57,0
DA:58,0
DA:59,0
DA:60,0
DA:61,0
DA:62,0
DA:63,0
DA:64,0
DA:65,0
DA:66,0
DA:67,0
DA:68,0
DA:69,0
DA:70,0
DA:71,0
DA:72,0
DA:73,0
DA:74,0
DA:75,0
DA:76,0
DA:77,0
DA:78,0
DA:79,0
DA:80,0
DA:81,0
DA:82,0
DA:83,0
DA:84,0
DA:85,0
DA:86,0
DA:87,0
DA:88,0
DA:89,0
DA:90,0
DA:91,0
DA:92,0
DA:93,0
DA:94,0
DA:95,1
DA:96,1
DA:97,1
DA:98,1
DA:99,0
DA:100,0
DA:101,0
DA:102,0
DA:103,0
DA:104,0
DA:105,0
DA:106,0
DA:107,1
DA:108,1
DA:109,1
DA:110,1
DA:111,0
DA:112,0
DA:113,0
DA:114,0
DA:115,0
DA:116,0
DA:117,0
DA:118,0
DA:119,1
DA:120,1
DA:121,1
DA:122,1
DA:123,0
DA:124,0
DA:125,0
DA:126,0
DA:127,0
DA:128,0
DA:129,0
DA:130,0
DA:131,0
DA:132,1
DA:133,1
DA:134,1
DA:135,1
LF:135
LH:23
BRDA:2,0,0,0
BRDA:2,1,0,0
BRDA:2,2,0,0
BRDA:2,3,0,0
BRDA:2,4,0,0
BRDA:2,5,0,0
BRDA:2,6,0,4
BRDA:2,7,0,13
BRDA:2,8,0,2
BRDA:2,9,0,6
BRDA:2,10,0,1
BRDA:2,11,0,0
BRDA:2,12,0,0
BRDA:2,13,0,0
BRDA:2,14,0,5
BRDA:2,15,0,0
BRDA:2,16,0,5
BRDA:4,17,0,1
BRDA:50,18,0,1
BRDA:98,19,0,1
BRDA:110,20,0,1
BRDA:122,21,0,1
BRF:22
BRH:12
end_of_record
TN:
SF:controllers\userController.js
FN:2,asyncGeneratorStep
FN:2,_asyncToGenerator
FN:2,_next
FN:2,_throw
FN:6,createToken
FN:10,_callee
FN:10,_callee$
FN:38,_callee2
FN:38,_callee2$
FN:78,_callee3
FN:78,_callee3$
FNF:11
FNH:11
FNDA:26,asyncGeneratorStep
FNDA:3,_asyncToGenerator
FNDA:24,_next
FNDA:2,_throw
FNDA:2,createToken
FNDA:4,_callee
FNDA:12,_callee$
FNDA:5,_callee2
FNDA:16,_callee2$
FNDA:3,_callee3
FNDA:3,_callee3$
DA:1,1
DA:2,2
DA:3,1
DA:4,1
DA:5,1
DA:6,1
DA:7,2
DA:8,2
DA:9,1
DA:10,1
DA:11,4
DA:12,4
DA:13,4
DA:14,4
DA:15,4
DA:16,3
DA:17,3
DA:18,1
DA:19,2
DA:20,2
DA:21,2
DA:22,2
DA:23,2
DA:24,1
DA:25,1
DA:26,1
DA:27,1
DA:28,1
DA:29,1
DA:30,1
DA:31,1
DA:32,1
DA:33,1
DA:34,1
DA:35,1
DA:36,1
DA:37,1
DA:38,1
DA:39,5
DA:40,5
DA:41,5
DA:42,5
DA:43,5
DA:44,4
DA:45,4
DA:46,1
DA:47,3
DA:48,3
DA:49,3
DA:50,1
DA:51,2
DA:52,2
DA:53,2
DA:54,1
DA:55,1
DA:56,1
DA:57,1
DA:58,1
DA:59,1
DA:60,1
DA:61,1
DA:62,1
DA:63,1
DA:64,1
DA:65,1
DA:66,1
DA:67,1
DA:68,1
DA:69,1
DA:70,1
DA:71,1
DA:72,1
DA:73,1
DA:74,1
DA:75,1
DA:76,1
DA:77,1
DA:78,1
DA:79,3
DA:80,3
DA:81,3
DA:82,3
DA:83,3
DA:84,2
DA:85,2
DA:86,3
DA:87,1
DA:88,1
DA:89,3
DA:90,3
DA:91,1
DA:92,1
DA:93,1
DA:94,1
DA:95,1
DA:96,1
LF:96
LH:96
BRDA:2,0,0,26
BRDA:2,1,0,0
BRDA:2,2,0,12
BRDA:2,3,0,14
BRDA:2,4,0,3
BRDA:2,5,0,12
BRDA:2,6,0,12
BRDA:2,7,0,24
BRDA:2,8,0,2
BRDA:6,9,0,2
BRDA:10,10,0,1
BRDA:10,11,0,4
BRDA:10,12,0,12
BRDA:10,13,0,17
BRDA:10,14,0,4
BRDA:15,15,0,3
BRDA:17,16,0,2
BRDA:17,17,0,1
BRDA:19,18,0,2
BRDA:21,19,0,2
BRDA:23,20,0,1
BRDA:27,21,0,1
BRDA:30,22,0,1
BRDA:38,23,0,1
BRDA:38,24,0,5
BRDA:38,25,0,16
BRDA:38,26,0,23
BRDA:38,27,0,5
BRDA:43,28,0,4
BRDA:45,29,0,3
BRDA:45,30,0,1
BRDA:47,31,0,3
BRDA:49,32,0,2
BRDA:49,33,0,1
BRDA:51,34,0,2
BRDA:53,35,0,1
BRDA:55,36,0,1
BRDA:58,37,0,1
BRDA:59,38,0,1
BRDA:67,39,0,1
BRDA:71,40,0,1
BRDA:78,41,0,1
BRDA:78,42,0,3
BRDA:78,43,0,3
BRDA:83,44,0,2
BRDA:83,45,0,2
BRDA:86,46,0,1
BRDA:90,47,0,1
BRF:48
BRH:47
end_of_record
TN:
SF:middleware\adminAUth.js
FN:2,_regeneratorRuntime
FN:3,_callee
FN:3,_callee$
FNF:3
FNH:3
FNDA:2,_regeneratorRuntime
FNDA:3,_callee
FNDA:6,_callee$
DA:1,1
DA:2,2
DA:3,1
DA:4,3
DA:5,3
DA:6,3
DA:7,1
DA:8,2
DA:9,2
DA:10,2
DA:11,1
DA:12,0
DA:13,0
DA:14,1
DA:15,1
DA:16,1
DA:17,1
DA:18,1
DA:19,1
DA:20,1
LF:20
LH:18
BRDA:2,0,0,2
BRDA:3,1,0,2
BRDA:3,2,0,3
BRDA:3,3,0,6
BRDA:3,4,0,8
BRDA:3,5,0,3
BRDA:6,6,0,2
BRDA:6,7,0,1
BRDA:8,8,0,2
BRDA:10,9,0,0
BRDA:10,10,0,1
BRDA:12,11,0,0
BRDA:14,12,0,1
BRF:13
BRH:11
end_of_record
TN:
SF:middleware\auth.js
FN:2,_regeneratorRuntime
FN:3,_callee
FN:3,_callee$
FNF:3
FNH:3
FNDA:2,_regeneratorRuntime
FNDA:3,_callee
FNDA:4,_callee$
DA:1,1
DA:2,2
DA:3,1
DA:4,3
DA:5,3
DA:6,3
DA:7,3
DA:8,1
DA:9,2
DA:10,2
DA:11,2
DA:12,2
DA:13,2
DA:14,2
DA:15,2
DA:16,2
DA:17,2
DA:18,1
DA:19,1
DA:20,1
DA:21,1
DA:22,1
DA:23,1
DA:24,1
LF:24
LH:24
BRDA:2,0,0,2
BRDA:3,1,0,2
BRDA:3,2,0,3
BRDA:3,3,0,4
BRDA:3,4,0,6
BRDA:3,5,0,3
BRDA:7,6,0,2
BRDA:7,7,0,1
BRDA:8,8,0,2
BRDA:17,9,0,1
BRF:10
BRH:10
end_of_record
TN:
SF:middleware\multer.js
FN:4,filename
FNF:1
FNH:0
FNDA:0,filename
DA:1,1
DA:2,1
DA:3,1
DA:4,1
DA:5,0
DA:6,0
DA:7,1
DA:8,1
DA:9,1
DA:10,1
DA:11,1
LF:11
LH:9
BRF:0
BRH:0
end_of_record
TN:
SF:models\orderModel.js
FNF:0
FNH:0
DA:1,1
DA:2,1
DA:3,1
DA:4,1
DA:5,1
DA:6,1
DA:7,1
DA:8,1
DA:9,1
DA:10,1
DA:11,1
DA:12,1
DA:13,1
DA:14,1
DA:15,1
DA:16,1
LF:16
LH:16
BRF:0
BRH:0
end_of_record
TN:
SF:models\productModel.js
FNF:0
FNH:0
DA:1,1
DA:2,1
DA:3,1
DA:4,1
DA:5,1
DA:6,1
DA:7,1
DA:8,1
DA:9,1
DA:10,1
DA:11,1
DA:12,1
DA:13,1
DA:14,1
DA:15,1
DA:16,1
DA:17,1
DA:18,1
DA:19,1
DA:20,1
DA:21,1
LF:21
LH:21
BRF:0
BRH:0
end_of_record
TN:
SF:models\userModel.js
FNF:0
FNH:0
DA:1,1
DA:2,1
DA:3,1
DA:4,1
DA:5,1
DA:6,1
DA:7,1
DA:8,1
DA:9,1
DA:10,1
DA:11,1
DA:12,1
LF:12
LH:12
BRF:0
BRH:0
end_of_record
TN:
SF:routes\cartRoute.js
FNF:0
FNH:0
DA:1,1
DA:2,1
DA:3,1
DA:4,1
DA:5,1
DA:6,1
DA:7,1
DA:8,1
DA:9,1
DA:10,1
DA:11,1
LF:11
LH:11
BRF:0
BRH:0
end_of_record
TN:
SF:routes\orderRoute.js
FNF:0
FNH:0
DA:1,1
DA:2,1
DA:3,1
DA:4,1
DA:5,1
DA:6,1
DA:7,1
DA:8,1
DA:9,1
DA:10,1
DA:11,1
DA:12,1
DA:13,1
DA:14,1
DA:15,1
LF:15
LH:15
BRF:0
BRH:0
end_of_record
TN:
SF:routes\productRoute.js
FNF:0
FNH:0
DA:1,1
DA:2,1
DA:3,1
DA:4,1
DA:5,1
DA:6,1
DA:7,1
DA:8,1
DA:9,1
DA:10,1
DA:11,1
DA:12,1
DA:13,1
DA:14,1
LF:14
LH:14
BRF:0
BRH:0
end_of_record
TN:
SF:routes\userRoute.js
FNF:0
FNH:0
DA:1,1
DA:2,1
DA:3,1
DA:4,1
DA:5,1
DA:6,1
DA:7,1
DA:8,1
DA:9,1
DA:10,1
LF:10
LH:10
BRF:0
BRH:0
end_of_record
